  main.cpp
C:\Users\Administrator\source\repos\Project1\Project1\main.cpp(16,42): warning C4244: 'argument': conversion from 'int' to 'T', possible loss of data
C:\Users\Administrator\source\repos\Project1\Project1\main.cpp(16,42): warning C4244:         with
C:\Users\Administrator\source\repos\Project1\Project1\main.cpp(16,42): warning C4244:         [
C:\Users\Administrator\source\repos\Project1\Project1\main.cpp(16,42): warning C4244:             T=float
C:\Users\Administrator\source\repos\Project1\Project1\main.cpp(16,42): warning C4244:         ]
C:\Users\Administrator\source\repos\Project1\Project1\main.cpp(16,39): warning C4244: 'argument': conversion from 'int' to 'T', possible loss of data
C:\Users\Administrator\source\repos\Project1\Project1\main.cpp(16,39): warning C4244:         with
C:\Users\Administrator\source\repos\Project1\Project1\main.cpp(16,39): warning C4244:         [
C:\Users\Administrator\source\repos\Project1\Project1\main.cpp(16,39): warning C4244:             T=float
C:\Users\Administrator\source\repos\Project1\Project1\main.cpp(16,39): warning C4244:         ]
C:\Users\Administrator\source\repos\Project1\Project1\main.cpp(18,70): warning C4244: 'argument': conversion from 'double' to 'T', possible loss of data
C:\Users\Administrator\source\repos\Project1\Project1\main.cpp(18,70): warning C4244:         with
C:\Users\Administrator\source\repos\Project1\Project1\main.cpp(18,70): warning C4244:         [
C:\Users\Administrator\source\repos\Project1\Project1\main.cpp(18,70): warning C4244:             T=float
C:\Users\Administrator\source\repos\Project1\Project1\main.cpp(18,70): warning C4244:         ]
C:\Users\Administrator\source\repos\Project1\Project1\main.cpp(34,44): warning C4244: 'argument': conversion from 'int' to 'T', possible loss of data
C:\Users\Administrator\source\repos\Project1\Project1\main.cpp(34,44): warning C4244:         with
C:\Users\Administrator\source\repos\Project1\Project1\main.cpp(34,44): warning C4244:         [
C:\Users\Administrator\source\repos\Project1\Project1\main.cpp(34,44): warning C4244:             T=float
C:\Users\Administrator\source\repos\Project1\Project1\main.cpp(34,44): warning C4244:         ]
C:\Users\Administrator\source\repos\Project1\Project1\main.cpp(34,41): warning C4244: 'argument': conversion from 'int' to 'T', possible loss of data
C:\Users\Administrator\source\repos\Project1\Project1\main.cpp(34,41): warning C4244:         with
C:\Users\Administrator\source\repos\Project1\Project1\main.cpp(34,41): warning C4244:         [
C:\Users\Administrator\source\repos\Project1\Project1\main.cpp(34,41): warning C4244:             T=float
C:\Users\Administrator\source\repos\Project1\Project1\main.cpp(34,41): warning C4244:         ]
C:\Users\Administrator\source\repos\Project1\Project1\main.cpp(92,108): warning C4244: 'argument': conversion from 'float' to 'int', possible loss of data
C:\Users\Administrator\source\repos\Project1\Project1\main.cpp(92,105): warning C4244: 'argument': conversion from 'float' to 'int', possible loss of data
C:\Users\Administrator\source\repos\Project1\Project1\main.cpp(92,102): warning C4244: 'argument': conversion from 'float' to 'int', possible loss of data
C:\Users\Administrator\source\repos\Project1\Project1\main.cpp(92,83): warning C4244: 'argument': conversion from 'float' to 'int', possible loss of data
C:\Users\Administrator\source\repos\Project1\Project1\main.cpp(92,80): warning C4244: 'argument': conversion from 'float' to 'int', possible loss of data
C:\Users\Administrator\source\repos\Project1\Project1\main.cpp(103,83): warning C4244: 'argument': conversion from 'float' to 'int', possible loss of data
C:\Users\Administrator\source\repos\Project1\Project1\main.cpp(103,80): warning C4244: 'argument': conversion from 'float' to 'int', possible loss of data
C:\Users\Administrator\source\repos\Project1\Project1\main.cpp(103,77): warning C4244: 'argument': conversion from 'float' to 'int', possible loss of data
C:\Users\Administrator\source\repos\Project1\Project1\main.cpp(103,58): warning C4244: 'argument': conversion from 'float' to 'int', possible loss of data
C:\Users\Administrator\source\repos\Project1\Project1\main.cpp(103,55): warning C4244: 'argument': conversion from 'float' to 'int', possible loss of data
  Generating code
  17 of 278 functions ( 6.1%) were compiled, the rest were copied from previous compilation.
    0 functions were new in current compilation
    11 functions had inline decision re-evaluated but remain unchanged
  Finished generating code
  Project1.vcxproj -> C:\Users\Administrator\source\repos\Project1\x64\Release\Project1.exe
